{"/Users/juyoungkim/Desktop/joo_prac/TDD_practice/src/app.ts": {"path":"/Users/juyoungkim/Desktop/joo_prac/TDD_practice/src/app.ts","statementMap":{"0":{"start":{"line":1,"column":0},"end":{"line":1,"column":23}},"1":{"start":{"line":2,"column":0},"end":{"line":2,"column":26}},"2":{"start":{"line":4,"column":0},"end":{"line":4,"column":67}},"3":{"start":{"line":5,"column":0},"end":{"line":5,"column":36}},"4":{"start":{"line":8,"column":0},"end":{"line":8,"column":53}},"5":{"start":{"line":10,"column":13},"end":{"line":10,"column":50}},"6":{"start":{"line":12,"column":0},"end":{"line":12,"column":24}},"7":{"start":{"line":13,"column":0},"end":{"line":13,"column":16}},"8":{"start":{"line":15,"column":0},"end":{"line":15,"column":31}},"9":{"start":{"line":17,"column":0},"end":{"line":19,"column":3}},"10":{"start":{"line":18,"column":4},"end":{"line":18,"column":28}},"11":{"start":{"line":21,"column":0},"end":{"line":23,"column":3}},"12":{"start":{"line":22,"column":4},"end":{"line":22,"column":53}},"13":{"start":{"line":25,"column":0},"end":{"line":29,"column":null}},"14":{"start":{"line":26,"column":4},"end":{"line":28,"column":7}},"15":{"start":{"line":27,"column":8},"end":{"line":27,"column":69}}},"fnMap":{"0":{"name":"(anonymous_1)","decl":{"start":{"line":17,"column":13},"end":{"line":17,"column":14}},"loc":{"start":{"line":17,"column":65},"end":{"line":19,"column":1}}},"1":{"name":"(anonymous_2)","decl":{"start":{"line":21,"column":8},"end":{"line":21,"column":18}},"loc":{"start":{"line":21,"column":90},"end":{"line":23,"column":1}}},"2":{"name":"(anonymous_3)","decl":{"start":{"line":26,"column":21},"end":{"line":26,"column":24}},"loc":{"start":{"line":26,"column":26},"end":{"line":28,"column":5}}}},"branchMap":{"0":{"loc":{"start":{"line":25,"column":0},"end":{"line":29,"column":null}},"type":"if","locations":[{"start":{"line":25,"column":0},"end":{"line":29,"column":null}}]}},"s":{"0":1,"1":1,"2":1,"3":1,"4":1,"5":1,"6":1,"7":1,"8":1,"9":1,"10":0,"11":1,"12":1,"13":1,"14":0,"15":0},"f":{"0":0,"1":1,"2":0},"b":{"0":[0]}}
,"/Users/juyoungkim/Desktop/joo_prac/TDD_practice/src/models/Product.ts": {"path":"/Users/juyoungkim/Desktop/joo_prac/TDD_practice/src/models/Product.ts","statementMap":{"0":{"start":{"line":1,"column":0},"end":{"line":1,"column":32}},"1":{"start":{"line":3,"column":22},"end":{"line":15,"column":2}},"2":{"start":{"line":17,"column":13},"end":{"line":17,"column":64}}},"fnMap":{},"branchMap":{},"s":{"0":3,"1":3,"2":3},"f":{},"b":{}}
,"/Users/juyoungkim/Desktop/joo_prac/TDD_practice/src/models/schema.ts": {"path":"/Users/juyoungkim/Desktop/joo_prac/TDD_practice/src/models/schema.ts","statementMap":{"0":{"start":{"line":1,"column":0},"end":{"line":1,"column":32}},"1":{"start":{"line":2,"column":0},"end":{"line":2,"column":33}},"2":{"start":{"line":5,"column":0},"end":{"line":24,"column":null}},"3":{"start":{"line":7,"column":8},"end":{"line":22,"column":null}},"4":{"start":{"line":8,"column":28},"end":{"line":16,"column":14}},"5":{"start":{"line":17,"column":24},"end":{"line":17,"column":52}},"6":{"start":{"line":18,"column":12},"end":{"line":18,"column":49}},"7":{"start":{"line":19,"column":12},"end":{"line":19,"column":44}},"8":{"start":{"line":21,"column":12},"end":{"line":21,"column":29}},"9":{"start":{"line":5,"column":6},"end":{"line":24,"column":null}},"10":{"start":{"line":26,"column":0},"end":{"line":26,"column":21}}},"fnMap":{"0":{"name":"(anonymous_9)","decl":{"start":{"line":6,"column":4},"end":{"line":6,"column":10}},"loc":{"start":{"line":6,"column":24},"end":{"line":23,"column":null}}}},"branchMap":{},"s":{"0":1,"1":1,"2":1,"3":1,"4":1,"5":1,"6":1,"7":1,"8":0,"9":1,"10":1},"f":{"0":1},"b":{}}
,"/Users/juyoungkim/Desktop/joo_prac/TDD_practice/src/products/products.controller.ts": {"path":"/Users/juyoungkim/Desktop/joo_prac/TDD_practice/src/products/products.controller.ts","statementMap":{"0":{"start":{"line":5,"column":0},"end":{"line":5,"column":33}},"1":{"start":{"line":9,"column":0},"end":{"line":9,"column":49}},"2":{"start":{"line":11,"column":0},"end":{"line":49,"column":null}},"3":{"start":{"line":13,"column":24},"end":{"line":13,"column":41}},"4":{"start":{"line":16,"column":8},"end":{"line":22,"column":null}},"5":{"start":{"line":17,"column":66},"end":{"line":17,"column":74}},"6":{"start":{"line":18,"column":27},"end":{"line":18,"column":91}},"7":{"start":{"line":19,"column":12},"end":{"line":19,"column":41}},"8":{"start":{"line":21,"column":12},"end":{"line":21,"column":22}},"9":{"start":{"line":26,"column":8},"end":{"line":32,"column":null}},"10":{"start":{"line":27,"column":29},"end":{"line":27,"column":39}},"11":{"start":{"line":28,"column":27},"end":{"line":28,"column":70}},"12":{"start":{"line":29,"column":12},"end":{"line":29,"column":41}},"13":{"start":{"line":31,"column":12},"end":{"line":31,"column":22}},"14":{"start":{"line":36,"column":8},"end":{"line":47,"column":null}},"15":{"start":{"line":37,"column":29},"end":{"line":37,"column":39}},"16":{"start":{"line":38,"column":27},"end":{"line":38,"column":73}},"17":{"start":{"line":40,"column":12},"end":{"line":44,"column":null}},"18":{"start":{"line":41,"column":16},"end":{"line":41,"column":66}},"19":{"start":{"line":43,"column":16},"end":{"line":43,"column":45}},"20":{"start":{"line":46,"column":12},"end":{"line":46,"column":22}},"21":{"start":{"line":12,"column":6},"end":{"line":49,"column":null}},"22":{"start":{"line":51,"column":0},"end":{"line":51,"column":34}}},"fnMap":{"0":{"name":"(anonymous_10)","decl":{"start":{"line":13,"column":4},"end":{"line":13,"column":24}},"loc":{"start":{"line":13,"column":56},"end":{"line":13,"column":60}}},"1":{"name":"(anonymous_11)","decl":{"start":{"line":15,"column":10},"end":{"line":15,"column":23}},"loc":{"start":{"line":15,"column":71},"end":{"line":23,"column":null}}},"2":{"name":"(anonymous_13)","decl":{"start":{"line":25,"column":10},"end":{"line":25,"column":20}},"loc":{"start":{"line":25,"column":68},"end":{"line":33,"column":null}}},"3":{"name":"(anonymous_15)","decl":{"start":{"line":35,"column":10},"end":{"line":35,"column":23}},"loc":{"start":{"line":35,"column":71},"end":{"line":48,"column":null}}}},"branchMap":{"0":{"loc":{"start":{"line":40,"column":12},"end":{"line":44,"column":null}},"type":"if","locations":[{"start":{"line":40,"column":12},"end":{"line":44,"column":null}},{"start":{"line":42,"column":19},"end":{"line":44,"column":null}}]}},"s":{"0":2,"1":2,"2":2,"3":2,"4":4,"5":4,"6":4,"7":2,"8":2,"9":3,"10":3,"11":3,"12":2,"13":1,"14":2,"15":2,"16":2,"17":1,"18":0,"19":1,"20":1,"21":2,"22":2},"f":{"0":2,"1":4,"2":3,"3":2},"b":{"0":[0,1]}}
,"/Users/juyoungkim/Desktop/joo_prac/TDD_practice/src/products/products.repository.ts": {"path":"/Users/juyoungkim/Desktop/joo_prac/TDD_practice/src/products/products.repository.ts","statementMap":{"0":{"start":{"line":2,"column":0},"end":{"line":2,"column":44}},"1":{"start":{"line":3,"column":0},"end":{"line":3,"column":33}},"2":{"start":{"line":5,"column":0},"end":{"line":23,"column":null}},"3":{"start":{"line":10,"column":23},"end":{"line":10,"column":67}},"4":{"start":{"line":11,"column":8},"end":{"line":11,"column":22}},"5":{"start":{"line":15,"column":23},"end":{"line":15,"column":57}},"6":{"start":{"line":16,"column":8},"end":{"line":16,"column":22}},"7":{"start":{"line":20,"column":23},"end":{"line":20,"column":87}},"8":{"start":{"line":21,"column":8},"end":{"line":21,"column":22}},"9":{"start":{"line":6,"column":6},"end":{"line":23,"column":null}},"10":{"start":{"line":25,"column":0},"end":{"line":25,"column":34}}},"fnMap":{"0":{"name":"(anonymous_9)","decl":{"start":{"line":7,"column":4},"end":{"line":7,"column":19}},"loc":{"start":{"line":7,"column":4},"end":{"line":7,"column":20}}},"1":{"name":"(anonymous_10)","decl":{"start":{"line":9,"column":10},"end":{"line":9,"column":23}},"loc":{"start":{"line":9,"column":69},"end":{"line":12,"column":null}}},"2":{"name":"(anonymous_12)","decl":{"start":{"line":14,"column":10},"end":{"line":14,"column":20}},"loc":{"start":{"line":14,"column":33},"end":{"line":17,"column":null}}},"3":{"name":"(anonymous_14)","decl":{"start":{"line":19,"column":10},"end":{"line":19,"column":23}},"loc":{"start":{"line":19,"column":36},"end":{"line":22,"column":null}}}},"branchMap":{},"s":{"0":3,"1":3,"2":3,"3":2,"4":1,"5":1,"6":1,"7":0,"8":0,"9":3,"10":3},"f":{"0":1,"1":2,"2":1,"3":0},"b":{}}
,"/Users/juyoungkim/Desktop/joo_prac/TDD_practice/src/products/products.service.ts": {"path":"/Users/juyoungkim/Desktop/joo_prac/TDD_practice/src/products/products.service.ts","statementMap":{"0":{"start":{"line":2,"column":0},"end":{"line":2,"column":55}},"1":{"start":{"line":3,"column":0},"end":{"line":3,"column":33}},"2":{"start":{"line":5,"column":0},"end":{"line":23,"column":null}},"3":{"start":{"line":7,"column":24},"end":{"line":7,"column":44}},"4":{"start":{"line":10,"column":23},"end":{"line":10,"column":90}},"5":{"start":{"line":11,"column":8},"end":{"line":11,"column":22}},"6":{"start":{"line":15,"column":23},"end":{"line":15,"column":69}},"7":{"start":{"line":16,"column":8},"end":{"line":16,"column":22}},"8":{"start":{"line":20,"column":23},"end":{"line":20,"column":72}},"9":{"start":{"line":21,"column":8},"end":{"line":21,"column":22}},"10":{"start":{"line":6,"column":6},"end":{"line":23,"column":null}},"11":{"start":{"line":25,"column":0},"end":{"line":25,"column":31}}},"fnMap":{"0":{"name":"(anonymous_10)","decl":{"start":{"line":7,"column":4},"end":{"line":7,"column":24}},"loc":{"start":{"line":7,"column":62},"end":{"line":7,"column":66}}},"1":{"name":"(anonymous_11)","decl":{"start":{"line":9,"column":10},"end":{"line":9,"column":23}},"loc":{"start":{"line":9,"column":69},"end":{"line":12,"column":null}}},"2":{"name":"(anonymous_13)","decl":{"start":{"line":14,"column":10},"end":{"line":14,"column":20}},"loc":{"start":{"line":14,"column":33},"end":{"line":17,"column":null}}},"3":{"name":"(anonymous_15)","decl":{"start":{"line":19,"column":10},"end":{"line":19,"column":23}},"loc":{"start":{"line":19,"column":36},"end":{"line":22,"column":null}}}},"branchMap":{},"s":{"0":3,"1":3,"2":3,"3":2,"4":3,"5":2,"6":2,"7":2,"8":1,"9":1,"10":3,"11":3},"f":{"0":2,"1":3,"2":2,"3":1},"b":{}}
,"/Users/juyoungkim/Desktop/joo_prac/TDD_practice/src/router/products.router.ts": {"path":"/Users/juyoungkim/Desktop/joo_prac/TDD_practice/src/router/products.router.ts","statementMap":{"0":{"start":{"line":1,"column":0},"end":{"line":1,"column":30}},"1":{"start":{"line":3,"column":0},"end":{"line":3,"column":31}},"2":{"start":{"line":5,"column":0},"end":{"line":5,"column":65}},"3":{"start":{"line":7,"column":15},"end":{"line":7,"column":31}},"4":{"start":{"line":8,"column":26},"end":{"line":8,"column":59}},"5":{"start":{"line":11,"column":0},"end":{"line":11,"column":94}},"6":{"start":{"line":11,"column":45},"end":{"line":11,"column":92}},"7":{"start":{"line":13,"column":0},"end":{"line":13,"column":96}},"8":{"start":{"line":13,"column":50},"end":{"line":13,"column":94}},"9":{"start":{"line":17,"column":0},"end":{"line":17,"column":99}},"10":{"start":{"line":17,"column":50},"end":{"line":17,"column":97}},"11":{"start":{"line":19,"column":0},"end":{"line":19,"column":22}}},"fnMap":{"0":{"name":"(anonymous_1)","decl":{"start":{"line":11,"column":25},"end":{"line":11,"column":26}},"loc":{"start":{"line":11,"column":45},"end":{"line":11,"column":92}}},"1":{"name":"(anonymous_2)","decl":{"start":{"line":13,"column":30},"end":{"line":13,"column":31}},"loc":{"start":{"line":13,"column":50},"end":{"line":13,"column":94}}},"2":{"name":"(anonymous_3)","decl":{"start":{"line":17,"column":30},"end":{"line":17,"column":31}},"loc":{"start":{"line":17,"column":50},"end":{"line":17,"column":97}}}},"branchMap":{},"s":{"0":1,"1":1,"2":1,"3":1,"4":1,"5":1,"6":2,"7":1,"8":1,"9":1,"10":0,"11":1},"f":{"0":2,"1":1,"2":0},"b":{}}
}
