TN:
SF:src/app.ts
FN:17,(anonymous_1)
FN:21,(anonymous_2)
FN:26,(anonymous_3)
FNF:3
FNH:1
FNDA:0,(anonymous_1)
FNDA:1,(anonymous_2)
FNDA:0,(anonymous_3)
DA:1,1
DA:2,1
DA:4,1
DA:5,1
DA:8,1
DA:10,1
DA:12,1
DA:13,1
DA:15,1
DA:17,1
DA:18,0
DA:21,1
DA:22,1
DA:25,1
DA:26,0
DA:27,0
LF:16
LH:13
BRDA:25,0,0,0
BRF:1
BRH:0
end_of_record
TN:
SF:src/models/Product.ts
FNF:0
FNH:0
DA:1,3
DA:3,3
DA:17,3
LF:3
LH:3
BRF:0
BRH:0
end_of_record
TN:
SF:src/models/schema.ts
FN:6,(anonymous_9)
FNF:1
FNH:1
FNDA:1,(anonymous_9)
DA:1,1
DA:2,1
DA:5,1
DA:7,1
DA:8,1
DA:17,1
DA:18,1
DA:19,1
DA:21,0
DA:26,1
LF:10
LH:9
BRF:0
BRH:0
end_of_record
TN:
SF:src/products/products.controller.ts
FN:13,(anonymous_10)
FN:15,(anonymous_11)
FN:25,(anonymous_13)
FN:35,(anonymous_15)
FNF:4
FNH:4
FNDA:2,(anonymous_10)
FNDA:4,(anonymous_11)
FNDA:3,(anonymous_13)
FNDA:2,(anonymous_15)
DA:5,2
DA:9,2
DA:11,2
DA:12,2
DA:13,2
DA:16,4
DA:17,4
DA:18,4
DA:19,2
DA:21,2
DA:26,3
DA:27,3
DA:28,3
DA:29,2
DA:31,1
DA:36,2
DA:37,2
DA:38,2
DA:40,1
DA:41,0
DA:43,1
DA:46,1
DA:51,2
LF:23
LH:22
BRDA:40,0,0,0
BRDA:40,0,1,1
BRF:2
BRH:1
end_of_record
TN:
SF:src/products/products.repository.ts
FN:7,(anonymous_9)
FN:9,(anonymous_10)
FN:14,(anonymous_12)
FN:19,(anonymous_14)
FNF:4
FNH:3
FNDA:1,(anonymous_9)
FNDA:2,(anonymous_10)
FNDA:1,(anonymous_12)
FNDA:0,(anonymous_14)
DA:2,3
DA:3,3
DA:5,3
DA:6,3
DA:10,2
DA:11,1
DA:15,1
DA:16,1
DA:20,0
DA:21,0
DA:25,3
LF:11
LH:9
BRF:0
BRH:0
end_of_record
TN:
SF:src/products/products.service.ts
FN:7,(anonymous_10)
FN:9,(anonymous_11)
FN:14,(anonymous_13)
FN:19,(anonymous_15)
FNF:4
FNH:4
FNDA:2,(anonymous_10)
FNDA:3,(anonymous_11)
FNDA:2,(anonymous_13)
FNDA:1,(anonymous_15)
DA:2,3
DA:3,3
DA:5,3
DA:6,3
DA:7,2
DA:10,3
DA:11,2
DA:15,2
DA:16,2
DA:20,1
DA:21,1
DA:25,3
LF:12
LH:12
BRF:0
BRH:0
end_of_record
TN:
SF:src/router/products.router.ts
FN:11,(anonymous_1)
FN:13,(anonymous_2)
FN:17,(anonymous_3)
FNF:3
FNH:2
FNDA:2,(anonymous_1)
FNDA:1,(anonymous_2)
FNDA:0,(anonymous_3)
DA:1,1
DA:3,1
DA:5,1
DA:7,1
DA:8,1
DA:11,2
DA:13,1
DA:17,1
DA:19,1
LF:9
LH:9
BRF:0
BRH:0
end_of_record
